This file contains any messages produced by compilers while
running configure, to aid debugging if configure makes a mistake.

It was created by readline configure 8.2, which was
generated by GNU Autoconf 2.71.  Invocation command line was

  $ ./configure --prefix=/Users/etamazya/Desktop/joined_minishell/libraries/readline

## --------- ##
## Platform. ##
## --------- ##

hostname = c2r1s4.42yerevan.am
uname -m = x86_64
uname -r = 18.7.0
uname -s = Darwin
uname -v = Darwin Kernel Version 18.7.0: Mon Aug 31 20:53:32 PDT 2020; root:xnu-4903.278.44~1/RELEASE_X86_64

/usr/bin/uname -p = i386
/bin/uname -X     = unknown

/bin/arch              = unknown
/usr/bin/arch -k       = unknown
/usr/convex/getsysinfo = unknown
/usr/bin/hostinfo      = Mach kernel version:
	 Darwin Kernel Version 18.7.0: Mon Aug 31 20:53:32 PDT 2020; root:xnu-4903.278.44~1/RELEASE_X86_64
Kernel configured for up to 6 processors.
6 processors are physically available.
6 processors are logically available.
Processor type: x86_64h (Intel x86-64h Haswell)
Processors active: 0 1 2 3 4 5
Primary memory available: 8.00 gigabytes
Default processor set: 328 tasks, 1428 threads, 6 processors
Load average: 0.97, Mach factor: 5.02
/bin/machine           = unknown
/usr/bin/oslevel       = unknown
/bin/universe          = unknown

PATH: /usr/local/bin/
PATH: /usr/bin/
PATH: /bin/
PATH: /usr/sbin/
PATH: /sbin/
PATH: /usr/local/munki/
PATH: /Library/Frameworks/Mono.framework/Versions/Current/Commands/


## ----------- ##
## Core tests. ##
## ----------- ##

configure:2751: looking for aux files: install-sh config.guess config.sub
configure:2764:  trying ././support/
configure:2778:   ././support/install.sh found
configure:2793:   ././support/config.guess found
configure:2793:   ././support/config.sub found
configure:2921: checking build system type
configure:2936: result: x86_64-apple-darwin18.7.0
configure:2956: checking host system type
configure:2970: result: x86_64-apple-darwin18.7.0
configure:3097: checking whether make sets $(MAKE)
configure:3120: result: yes
configure:3191: checking for gcc
configure:3212: found /usr/bin/gcc
configure:3223: result: gcc
configure:3576: checking for C compiler version
configure:3585: gcc --version >&5
Apple clang version 11.0.0 (clang-1100.0.33.17)
Target: x86_64-apple-darwin18.7.0
Thread model: posix
InstalledDir: /Applications/Xcode.app/Contents/Developer/Toolchains/XcodeDefault.xctoolchain/usr/bin
Configured with: --prefix=/Applications/Xcode.app/Contents/Developer/usr --with-gxx-include-dir=/Applications/Xcode.app/Contents/Developer/Platforms/MacOSX.platform/Developer/SDKs/MacOSX.sdk/usr/include/c++/4.2.1
configure:3596: $? = 0
configure:3585: gcc -v >&5
Configured with: --prefix=/Applications/Xcode.app/Contents/Developer/usr --with-gxx-include-dir=/Applications/Xcode.app/Contents/Developer/Platforms/MacOSX.platform/Developer/SDKs/MacOSX.sdk/usr/include/c++/4.2.1
Apple clang version 11.0.0 (clang-1100.0.33.17)
Target: x86_64-apple-darwin18.7.0
Thread model: posix
InstalledDir: /Applications/Xcode.app/Contents/Developer/Toolchains/XcodeDefault.xctoolchain/usr/bin
configure:3596: $? = 0
configure:3585: gcc -V >&5
clang: error: unsupported option '-V -Wno-framework-include-private-from-public'
clang: error: no input files
configure:3596: $? = 1
configure:3585: gcc -qversion >&5
clang: error: unknown argument '-qversion', did you mean '--version'?
clang: error: no input files
configure:3596: $? = 1
configure:3585: gcc -version >&5
clang: error: unknown argument '-version', did you mean '--version'?
clang: error: no input files
configure:3596: $? = 1
configure:3616: checking whether the C compiler works
configure:3638: gcc    conftest.c  >&5
configure:3642: $? = 0
configure:3692: result: yes
configure:3695: checking for C compiler default output file name
configure:3697: result: a.out
configure:3703: checking for suffix of executables
configure:3710: gcc -o conftest    conftest.c  >&5
configure:3714: $? = 0
configure:3737: result: 
configure:3759: checking whether we are cross compiling
configure:3767: gcc -o conftest    conftest.c  >&5
configure:3771: $? = 0
configure:3778: ./conftest
configure:3782: $? = 0
configure:3797: result: no
configure:3802: checking for suffix of object files
configure:3825: gcc -c   conftest.c >&5
configure:3829: $? = 0
configure:3851: result: o
configure:3855: checking whether the compiler supports GNU C
configure:3875: gcc -c   conftest.c >&5
configure:3875: $? = 0
configure:3885: result: yes
configure:3896: checking whether gcc accepts -g
configure:3917: gcc -c -g  conftest.c >&5
configure:3917: $? = 0
configure:3961: result: yes
configure:3981: checking for gcc option to enable C11 features
configure:3996: gcc  -c -g -O2  conftest.c >&5
configure:3996: $? = 0
configure:4014: result: none needed
configure:4129: checking for stdio.h
configure:4129: gcc -c -g -O2  conftest.c >&5
configure:4129: $? = 0
configure:4129: result: yes
configure:4129: checking for stdlib.h
configure:4129: gcc -c -g -O2  conftest.c >&5
configure:4129: $? = 0
configure:4129: result: yes
configure:4129: checking for string.h
configure:4129: gcc -c -g -O2  conftest.c >&5
configure:4129: $? = 0
configure:4129: result: yes
configure:4129: checking for inttypes.h
configure:4129: gcc -c -g -O2  conftest.c >&5
configure:4129: $? = 0
configure:4129: result: yes
configure:4129: checking for stdint.h
configure:4129: gcc -c -g -O2  conftest.c >&5
configure:4129: $? = 0
configure:4129: result: yes
configure:4129: checking for strings.h
configure:4129: gcc -c -g -O2  conftest.c >&5
configure:4129: $? = 0
configure:4129: result: yes
configure:4129: checking for sys/stat.h
configure:4129: gcc -c -g -O2  conftest.c >&5
configure:4129: $? = 0
configure:4129: result: yes
configure:4129: checking for sys/types.h
configure:4129: gcc -c -g -O2  conftest.c >&5
configure:4129: $? = 0
configure:4129: result: yes
configure:4129: checking for unistd.h
configure:4129: gcc -c -g -O2  conftest.c >&5
configure:4129: $? = 0
configure:4129: result: yes
configure:4129: checking for wchar.h
configure:4129: gcc -c -g -O2  conftest.c >&5
configure:4129: $? = 0
configure:4129: result: yes
configure:4129: checking for minix/config.h
configure:4129: gcc -c -g -O2  conftest.c >&5
conftest.c:47:10: fatal error: 'minix/config.h' file not found
#include <minix/config.h>
         ^~~~~~~~~~~~~~~~
1 error generated.
configure:4129: $? = 1
configure: failed program was:
| /* confdefs.h */
| #define PACKAGE_NAME "readline"
| #define PACKAGE_TARNAME "readline"
| #define PACKAGE_VERSION "8.2"
| #define PACKAGE_STRING "readline 8.2"
| #define PACKAGE_BUGREPORT "bug-readline@gnu.org"
| #define PACKAGE_URL ""
| #define HAVE_STDIO_H 1
| #define HAVE_STDLIB_H 1
| #define HAVE_STRING_H 1
| #define HAVE_INTTYPES_H 1
| #define HAVE_STDINT_H 1
| #define HAVE_STRINGS_H 1
| #define HAVE_SYS_STAT_H 1
| #define HAVE_SYS_TYPES_H 1
| #define HAVE_UNISTD_H 1
| #define HAVE_WCHAR_H 1
| /* end confdefs.h.  */
| #include <stddef.h>
| #ifdef HAVE_STDIO_H
| # include <stdio.h>
| #endif
| #ifdef HAVE_STDLIB_H
| # include <stdlib.h>
| #endif
| #ifdef HAVE_STRING_H
| # include <string.h>
| #endif
| #ifdef HAVE_INTTYPES_H
| # include <inttypes.h>
| #endif
| #ifdef HAVE_STDINT_H
| # include <stdint.h>
| #endif
| #ifdef HAVE_STRINGS_H
| # include <strings.h>
| #endif
| #ifdef HAVE_SYS_TYPES_H
| # include <sys/types.h>
| #endif
| #ifdef HAVE_SYS_STAT_H
| # include <sys/stat.h>
| #endif
| #ifdef HAVE_UNISTD_H
| # include <unistd.h>
| #endif
| #include <minix/config.h>
configure:4129: result: no
configure:4160: checking whether it is safe to define __EXTENSIONS__
configure:4179: gcc -c -g -O2  conftest.c >&5
configure:4179: $? = 0
configure:4187: result: yes
configure:4190: checking whether _XOPEN_SOURCE should be defined
configure:4212: gcc -c -g -O2  conftest.c >&5
configure:4212: $? = 0
configure:4239: result: no
configure:4307: checking how to run the C preprocessor
configure:4333: gcc -E  conftest.c
configure:4333: $? = 0
configure:4348: gcc -E  conftest.c
conftest.c:36:10: fatal error: 'ac_nonexistent.h' file not found
#include <ac_nonexistent.h>
         ^~~~~~~~~~~~~~~~~~
1 error generated.
configure:4348: $? = 1
configure: failed program was:
| /* confdefs.h */
| #define PACKAGE_NAME "readline"
| #define PACKAGE_TARNAME "readline"
| #define PACKAGE_VERSION "8.2"
| #define PACKAGE_STRING "readline 8.2"
| #define PACKAGE_BUGREPORT "bug-readline@gnu.org"
| #define PACKAGE_URL ""
| #define HAVE_STDIO_H 1
| #define HAVE_STDLIB_H 1
| #define HAVE_STRING_H 1
| #define HAVE_INTTYPES_H 1
| #define HAVE_STDINT_H 1
| #define HAVE_STRINGS_H 1
| #define HAVE_SYS_STAT_H 1
| #define HAVE_SYS_TYPES_H 1
| #define HAVE_UNISTD_H 1
| #define HAVE_WCHAR_H 1
| #define STDC_HEADERS 1
| #define _ALL_SOURCE 1
| #define _DARWIN_C_SOURCE 1
| #define _GNU_SOURCE 1
| #define _HPUX_ALT_XOPEN_SOCKET_API 1
| #define _NETBSD_SOURCE 1
| #define _OPENBSD_SOURCE 1
| #define _POSIX_PTHREAD_SEMANTICS 1
| #define __STDC_WANT_IEC_60559_ATTRIBS_EXT__ 1
| #define __STDC_WANT_IEC_60559_BFP_EXT__ 1
| #define __STDC_WANT_IEC_60559_DFP_EXT__ 1
| #define __STDC_WANT_IEC_60559_FUNCS_EXT__ 1
| #define __STDC_WANT_IEC_60559_TYPES_EXT__ 1
| #define __STDC_WANT_LIB_EXT2__ 1
| #define __STDC_WANT_MATH_SPEC_FUNCS__ 1
| #define _TANDEM_SOURCE 1
| #define __EXTENSIONS__ 1
| /* end confdefs.h.  */
| #include <ac_nonexistent.h>
configure:4375: result: gcc -E
configure:4389: gcc -E  conftest.c
configure:4389: $? = 0
configure:4404: gcc -E  conftest.c
conftest.c:36:10: fatal error: 'ac_nonexistent.h' file not found
#include <ac_nonexistent.h>
         ^~~~~~~~~~~~~~~~~~
1 error generated.
configure:4404: $? = 1
configure: failed program was:
| /* confdefs.h */
| #define PACKAGE_NAME "readline"
| #define PACKAGE_TARNAME "readline"
| #define PACKAGE_VERSION "8.2"
| #define PACKAGE_STRING "readline 8.2"
| #define PACKAGE_BUGREPORT "bug-readline@gnu.org"
| #define PACKAGE_URL ""
| #define HAVE_STDIO_H 1
| #define HAVE_STDLIB_H 1
| #define HAVE_STRING_H 1
| #define HAVE_INTTYPES_H 1
| #define HAVE_STDINT_H 1
| #define HAVE_STRINGS_H 1
| #define HAVE_SYS_STAT_H 1
| #define HAVE_SYS_TYPES_H 1
| #define HAVE_UNISTD_H 1
| #define HAVE_WCHAR_H 1
| #define STDC_HEADERS 1
| #define _ALL_SOURCE 1
| #define _DARWIN_C_SOURCE 1
| #define _GNU_SOURCE 1
| #define _HPUX_ALT_XOPEN_SOCKET_API 1
| #define _NETBSD_SOURCE 1
| #define _OPENBSD_SOURCE 1
| #define _POSIX_PTHREAD_SEMANTICS 1
| #define __STDC_WANT_IEC_60559_ATTRIBS_EXT__ 1
| #define __STDC_WANT_IEC_60559_BFP_EXT__ 1
| #define __STDC_WANT_IEC_60559_DFP_EXT__ 1
| #define __STDC_WANT_IEC_60559_FUNCS_EXT__ 1
| #define __STDC_WANT_IEC_60559_TYPES_EXT__ 1
| #define __STDC_WANT_LIB_EXT2__ 1
| #define __STDC_WANT_MATH_SPEC_FUNCS__ 1
| #define _TANDEM_SOURCE 1
| #define __EXTENSIONS__ 1
| /* end confdefs.h.  */
| #include <ac_nonexistent.h>
configure:4435: checking for grep that handles long lines and -e
configure:4499: result: /usr/bin/grep
configure:4504: checking for egrep
configure:4572: result: /usr/bin/grep -E
configure:4578: checking whether gcc needs -traditional
conftest.c:36:10: fatal error: 'termio.h' file not found
#include <termio.h>
         ^~~~~~~~~~
1 error generated.
configure:4615: result: no
configure:4637: checking for a BSD-compatible install
configure:4710: result: /usr/bin/install -c
configure:4769: checking for ar
configure:4790: found /usr/bin/ar
configure:4801: result: ar
configure:4872: checking for ranlib
configure:4893: found /usr/bin/ranlib
configure:4904: result: ranlib
configure:4937: checking for an ANSI C-conforming const
configure:5004: gcc -c -g -O2  conftest.c >&5
configure:5004: $? = 0
configure:5012: result: yes
configure:5020: checking for inline
configure:5037: gcc -c -g -O2  conftest.c >&5
configure:5037: $? = 0
configure:5046: result: inline
configure:5073: checking whether char is unsigned
configure:5093: gcc -c -g -O2  conftest.c >&5
configure:5093: $? = 0
configure:5101: result: no
configure:5108: checking for working volatile
configure:5128: gcc -c -g -O2  conftest.c >&5
configure:5128: $? = 0
configure:5136: result: yes
configure:5145: checking for size_t
configure:5145: gcc -c -g -O2  conftest.c >&5
configure:5145: $? = 0
configure:5145: gcc -c -g -O2  conftest.c >&5
conftest.c:69:21: error: expected expression
if (sizeof ((size_t)))
                    ^
1 error generated.
configure:5145: $? = 1
configure: failed program was:
| /* confdefs.h */
| #define PACKAGE_NAME "readline"
| #define PACKAGE_TARNAME "readline"
| #define PACKAGE_VERSION "8.2"
| #define PACKAGE_STRING "readline 8.2"
| #define PACKAGE_BUGREPORT "bug-readline@gnu.org"
| #define PACKAGE_URL ""
| #define HAVE_STDIO_H 1
| #define HAVE_STDLIB_H 1
| #define HAVE_STRING_H 1
| #define HAVE_INTTYPES_H 1
| #define HAVE_STDINT_H 1
| #define HAVE_STRINGS_H 1
| #define HAVE_SYS_STAT_H 1
| #define HAVE_SYS_TYPES_H 1
| #define HAVE_UNISTD_H 1
| #define HAVE_WCHAR_H 1
| #define STDC_HEADERS 1
| #define _ALL_SOURCE 1
| #define _DARWIN_C_SOURCE 1
| #define _GNU_SOURCE 1
| #define _HPUX_ALT_XOPEN_SOCKET_API 1
| #define _NETBSD_SOURCE 1
| #define _OPENBSD_SOURCE 1
| #define _POSIX_PTHREAD_SEMANTICS 1
| #define __STDC_WANT_IEC_60559_ATTRIBS_EXT__ 1
| #define __STDC_WANT_IEC_60559_BFP_EXT__ 1
| #define __STDC_WANT_IEC_60559_DFP_EXT__ 1
| #define __STDC_WANT_IEC_60559_FUNCS_EXT__ 1
| #define __STDC_WANT_IEC_60559_TYPES_EXT__ 1
| #define __STDC_WANT_LIB_EXT2__ 1
| #define __STDC_WANT_MATH_SPEC_FUNCS__ 1
| #define _TANDEM_SOURCE 1
| #define __EXTENSIONS__ 1
| #define PROTOTYPES 1
| #define __PROTOTYPES 1
| /* end confdefs.h.  */
| #include <stddef.h>
| #ifdef HAVE_STDIO_H
| # include <stdio.h>
| #endif
| #ifdef HAVE_STDLIB_H
| # include <stdlib.h>
| #endif
| #ifdef HAVE_STRING_H
| # include <string.h>
| #endif
| #ifdef HAVE_INTTYPES_H
| # include <inttypes.h>
| #endif
| #ifdef HAVE_STDINT_H
| # include <stdint.h>
| #endif
| #ifdef HAVE_STRINGS_H
| # include <strings.h>
| #endif
| #ifdef HAVE_SYS_TYPES_H
| # include <sys/types.h>
| #endif
| #ifdef HAVE_SYS_STAT_H
| # include <sys/stat.h>
| #endif
| #ifdef HAVE_UNISTD_H
| # include <unistd.h>
| #endif
| int
| main (void)
| {
| if (sizeof ((size_t)))
| 	    return 0;
|   ;
|   return 0;
| }
configure:5145: result: yes
configure:5155: checking for ssize_t
